<?xml version="1.0" encoding="UTF-8"?>
<testng-results skipped="0" failed="0" total="1" passed="1">
  <reporter-output>
  </reporter-output>
  <suite name="Default suite" duration-ms="51664" started-at="2018-04-06T06:49:04Z" finished-at="2018-04-06T06:49:56Z">
    <groups>
    </groups>
    <test name="Default test" duration-ms="51664" started-at="2018-04-06T06:49:04Z" finished-at="2018-04-06T06:49:56Z">
      <class name="org.graphwalker.SampleTest1">
        <test-method status="PASS" signature="runFuncTest()[pri:0, instance:org.graphwalker.SampleTest1@3ad83a66]" name="runFuncTest" duration-ms="51621" started-at="2018-04-06T12:19:05Z" finished-at="2018-04-06T12:19:56Z">
          <reporter-output>
          </reporter-output>
        </test-method> <!-- runFuncTest -->
      </class> <!-- org.graphwalker.SampleTest1 -->
    </test> <!-- Default test -->
  </suite> <!-- Default suite -->
</testng-results>
